<?xml version="1.0" encoding="UTF-8"?>
<testng-results skipped="0" failed="0" ignored="0" total="1" passed="1">
  <reporter-output>
  </reporter-output>
  <suite name="Suite" duration-ms="17778" started-at="2021-09-30T12:50:36 IST" finished-at="2021-09-30T12:50:54 IST">
    <groups>
    </groups>
    <test name="Test" duration-ms="17778" started-at="2021-09-30T12:50:36 IST" finished-at="2021-09-30T12:50:54 IST">
      <class name="com.testcases.LoginTestCase">
        <test-method status="PASS" signature="stratUp()[pri:0, instance:com.testcases.LoginTestCase@6691490c]" name="stratUp" is-config="true" duration-ms="11267" started-at="2021-09-30T12:50:36 IST" finished-at="2021-09-30T12:50:47 IST">
          <reporter-output>
          </reporter-output>
        </test-method> <!-- stratUp -->
        <test-method status="PASS" signature="login()[pri:0, instance:com.testcases.LoginTestCase@6691490c]" name="login" duration-ms="5801" started-at="2021-09-30T12:50:47 IST" finished-at="2021-09-30T12:50:53 IST">
          <reporter-output>
          </reporter-output>
        </test-method> <!-- login -->
        <test-method status="PASS" signature="close()[pri:0, instance:com.testcases.LoginTestCase@6691490c]" name="close" is-config="true" duration-ms="305" started-at="2021-09-30T12:50:53 IST" finished-at="2021-09-30T12:50:54 IST">
          <reporter-output>
          </reporter-output>
        </test-method> <!-- close -->
      </class> <!-- com.testcases.LoginTestCase -->
    </test> <!-- Test -->
  </suite> <!-- Suite -->
</testng-results>
